<?xml version="1.0" encoding="UTF-8"?>
<testng-results ignored="0" total="1" passed="1" failed="0" skipped="0">
  <reporter-output>
  </reporter-output>
  <suite started-at="2023-05-26T12:49:54 IST" name="Default suite" finished-at="2023-05-26T12:50:25 IST" duration-ms="30581">
    <groups>
    </groups>
    <test started-at="2023-05-26T12:49:54 IST" name="Default test" finished-at="2023-05-26T12:50:25 IST" duration-ms="30581">
      <class name="com.mohs10.scripts.HomeTest">
        <test-method is-config="true" signature="generateReport()[pri:0, instance:com.mohs10.scripts.HomeTest@74f0ea28]" started-at="2023-05-26T12:49:54 IST" name="generateReport" finished-at="2023-05-26T12:49:55 IST" duration-ms="257" status="PASS">
          <reporter-output>
          </reporter-output>
        </test-method> <!-- generateReport -->
        <test-method is-config="true" signature="beforeClass()[pri:0, instance:com.mohs10.scripts.HomeTest@74f0ea28]" started-at="2023-05-26T12:49:55 IST" name="beforeClass" finished-at="2023-05-26T12:49:58 IST" duration-ms="3712" status="PASS">
          <reporter-output>
          </reporter-output>
        </test-method> <!-- beforeClass -->
        <test-method is-config="true" signature="methodName(java.lang.reflect.Method)[pri:0, instance:com.mohs10.scripts.HomeTest@74f0ea28]" started-at="2023-05-26T12:49:58 IST" name="methodName" finished-at="2023-05-26T12:49:58 IST" duration-ms="5" status="PASS">
          <params>
            <param index="0">
              <value>
                <![CDATA[public void com.mohs10.scripts.HomeTest.LoginTestCase3() throws java.lang.Exception]]>
              </value>
            </param>
          </params>
          <reporter-output>
          </reporter-output>
        </test-method> <!-- methodName -->
        <test-method signature="LoginTestCase3()[pri:0, instance:com.mohs10.scripts.HomeTest@74f0ea28]" started-at="2023-05-26T12:49:58 IST" name="LoginTestCase3" finished-at="2023-05-26T12:50:24 IST" duration-ms="25409" status="PASS">
          <reporter-output>
          </reporter-output>
        </test-method> <!-- LoginTestCase3 -->
        <test-method is-config="true" signature="afterClass()[pri:0, instance:com.mohs10.scripts.HomeTest@74f0ea28]" started-at="2023-05-26T12:50:24 IST" name="afterClass" finished-at="2023-05-26T12:50:25 IST" duration-ms="1157" status="PASS">
          <reporter-output>
          </reporter-output>
        </test-method> <!-- afterClass -->
      </class> <!-- com.mohs10.scripts.HomeTest -->
    </test> <!-- Default test -->
  </suite> <!-- Default suite -->
</testng-results>
